<?xml version="1.0" encoding="utf-8"?><testsuites><testsuite errors="0" failures="0" hostname="icebox" name="pytest" skipped="0" tests="4" time="3.008" timestamp="2021-01-05T16:37:22.680294"><testcase classname="tests.test_poetry" name="test_version" time="0.001" /><testcase classname="tests.test_poetry" name="test_name" time="0.000" /><testcase classname="tests.test_wikipedia" name="test_random_page_uses_given_language[en]" time="0.380" /><testcase classname="tests.test_wikipedia" name="test_random_page_uses_given_language[de]" time="0.489" /></testsuite></testsuites>